* using log directory 'C:/Users/Angela Andreella/Documents/Rpackage/signFlip/signFlip.Rcheck'
* using R version 3.6.3 (2020-02-29)
* using platform: x86_64-w64-mingw32 (64-bit)
* using session charset: ISO8859-1
* checking for file 'signFlip/DESCRIPTION' ... OK
* checking extension type ... Package
* this is package 'signFlip' version '1.0'
* checking package namespace information ... OK
* checking package dependencies ... OK
* checking if this is a source package ... OK
* checking if there is a namespace ... OK
* checking for executable files ... OK
* checking for hidden files and directories ... OK
* checking for portable file names ... OK
* checking whether package 'signFlip' can be installed ... WARNING
Found the following significant warnings:
  Warning: C:/Users/Angela Andreella/AppData/Local/Temp/RtmpIRsxvT/Rbuilde4c2dd331a8/signFlip/man/signFlip-package.Rd:26: All text must be in a section
See 'C:/Users/Angela Andreella/Documents/Rpackage/signFlip/signFlip.Rcheck/00install.out' for details.
* checking installed package size ... OK
* checking package directory ... OK
* checking DESCRIPTION meta-information ... NOTE
Malformed Description field: should contain one or more complete sentences.
* checking top-level files ... OK
* checking for left-over files ... OK
* checking index information ... OK
* checking package subdirectories ... OK
* checking R files for non-ASCII characters ... OK
* checking R files for syntax errors ... OK
* loading checks for arch 'i386'
** checking whether the package can be loaded ... OK
** checking whether the package can be loaded with stated dependencies ... OK
** checking whether the package can be unloaded cleanly ... OK
** checking whether the namespace can be loaded with stated dependencies ... OK
** checking whether the namespace can be unloaded cleanly ... OK
** checking loading without being on the library search path ... OK
* loading checks for arch 'x64'
** checking whether the package can be loaded ... OK
** checking whether the package can be loaded with stated dependencies ... OK
** checking whether the package can be unloaded cleanly ... OK
** checking whether the namespace can be loaded with stated dependencies ... OK
** checking whether the namespace can be unloaded cleanly ... OK
** checking loading without being on the library search path ... OK
* checking dependencies in R code ... OK
* checking S3 generic/method consistency ... OK
* checking replacement functions ... OK
* checking foreign function calls ... OK
* checking R code for possible problems ... OK
* checking Rd files ... WARNING
prepare_Rd: signFlip-package.Rd:26: All text must be in a section
* checking Rd metadata ... OK
* checking Rd cross-references ... OK
* checking for missing documentation entries ... OK
* checking for code/documentation mismatches ... WARNING
Codoc mismatches from documentation object 'oneSample':
oneSample
  Code: function(X, B = 1000, alternative = c("two.sided", "lower",
                 "greater"), rand = FALSE, seed = 1234)
  Docs: function(X, B = 1000, alternative = "two.sided", seed = NULL)
  Argument names in code not in docs:
    rand
  Mismatches in argument names:
    Position: 4 Code: rand Docs: seed
  Mismatches in argument default values:
    Name: 'alternative' Code: c("two.sided", "lower", "greater") Docs: "two.sided"
    Name: 'seed' Code: 1234 Docs: NULL

* checking Rd \usage sections ... WARNING
Documented arguments not in \usage in documentation object 'oneSample':
  'rand'

Functions with \usage entries need to have the appropriate \alias
entries, and all their arguments documented.
The \usage entries must correspond to syntactically valid R code.
See chapter 'Writing R documentation files' in the 'Writing R
Extensions' manual.
* checking Rd contents ... OK
* checking for unstated dependencies in examples ... OK
* checking line endings in C/C++/Fortran sources/headers ... OK
* checking line endings in Makefiles ... OK
* checking compilation flags in Makevars ... OK
* checking for GNU extensions in Makefiles ... OK
* checking for portable use of $(BLAS_LIBS) and $(LAPACK_LIBS) ... OK
* checking compiled code ... OK
* checking examples ... NONE
* checking PDF version of manual ... WARNING
LaTeX errors when creating PDF version.
This typically indicates Rd problems.
LaTeX errors found:
!pdfTeX error: pdflatex (file t1-zi4r-0): Font t1-zi4r-0 at 600 not found
 ==> Fatal error occurred, no output PDF file produced!
* checking PDF version of manual without hyperrefs or index ... OK
* DONE
Status: 5 WARNINGs, 1 NOTE
