* installing *source* package 'signFlip' ...
** using staged installation
** libs

*** arch - i386
C:/Rtools/mingw_32/bin/g++  -std=gnu++11 -I"C:/PROGRA~1/R/R-36~1.3/include" -DNDEBUG  -I"C:/Users/Angela Andreella/Documents/R/win-library/3.6/Rcpp/include" -I"C:/Users/Angela Andreella/Documents/R/win-library/3.6/RcppArmadillo/include"     -fopenmp    -O2 -Wall  -mtune=core2 -c RcppExports.cpp -o RcppExports.o
C:/Rtools/mingw_32/bin/g++  -std=gnu++11 -I"C:/PROGRA~1/R/R-36~1.3/include" -DNDEBUG  -I"C:/Users/Angela Andreella/Documents/R/win-library/3.6/Rcpp/include" -I"C:/Users/Angela Andreella/Documents/R/win-library/3.6/RcppArmadillo/include"     -fopenmp    -O2 -Wall  -mtune=core2 -c signFlip.cpp -o signFlip.o
C:/Rtools/mingw_32/bin/g++ -shared -s -static-libgcc -o signFlip.dll tmp.def RcppExports.o signFlip.o -fopenmp -LC:/PROGRA~1/R/R-36~1.3/bin/i386 -lRlapack -LC:/PROGRA~1/R/R-36~1.3/bin/i386 -lRblas -lgfortran -lm -lquadmath -LC:/PROGRA~1/R/R-36~1.3/bin/i386 -lR
installing to C:/Users/ANGELA~1/DOCUME~1/Rpackage/signFlip/SIGNFL~1.RCH/00LOCK-signFlip/00new/signFlip/libs/i386

*** arch - x64
C:/Rtools/mingw_64/bin/g++  -std=gnu++11 -I"C:/PROGRA~1/R/R-36~1.3/include" -DNDEBUG  -I"C:/Users/Angela Andreella/Documents/R/win-library/3.6/Rcpp/include" -I"C:/Users/Angela Andreella/Documents/R/win-library/3.6/RcppArmadillo/include"     -fopenmp    -O2 -Wall  -mtune=core2 -c RcppExports.cpp -o RcppExports.o
C:/Rtools/mingw_64/bin/g++  -std=gnu++11 -I"C:/PROGRA~1/R/R-36~1.3/include" -DNDEBUG  -I"C:/Users/Angela Andreella/Documents/R/win-library/3.6/Rcpp/include" -I"C:/Users/Angela Andreella/Documents/R/win-library/3.6/RcppArmadillo/include"     -fopenmp    -O2 -Wall  -mtune=core2 -c signFlip.cpp -o signFlip.o
C:/Rtools/mingw_64/bin/g++ -shared -s -static-libgcc -o signFlip.dll tmp.def RcppExports.o signFlip.o -fopenmp -LC:/PROGRA~1/R/R-36~1.3/bin/x64 -lRlapack -LC:/PROGRA~1/R/R-36~1.3/bin/x64 -lRblas -lgfortran -lm -lquadmath -LC:/PROGRA~1/R/R-36~1.3/bin/x64 -lR
C:\Rtools\mingw_32\bin\nm.exe: C:/Users/Angela Andreella/Documents/Rpackage/signFlip/signFlip.Rcheck/00_pkg_src/signFlip/src-x64/RcppExports.o: File format not recognized
C:\Rtools\mingw_32\bin\nm.exe: C:/Users/Angela Andreella/Documents/Rpackage/signFlip/signFlip.Rcheck/00_pkg_src/signFlip/src-x64/signFlip.o: File format not recognized
Warning messages:
1: In system(sprintf("%s -Pg %s", shQuote(nm), shQuote(f)), intern = TRUE) :
  running command '"C:\Rtools\mingw_32\bin\nm.exe" -Pg "C:/Users/Angela Andreella/Documents/Rpackage/signFlip/signFlip.Rcheck/00_pkg_src/signFlip/src-x64/RcppExports.o"' had status 1
2: In system(sprintf("%s -Pg %s", shQuote(nm), shQuote(f)), intern = TRUE) :
  running command '"C:\Rtools\mingw_32\bin\nm.exe" -Pg "C:/Users/Angela Andreella/Documents/Rpackage/signFlip/signFlip.Rcheck/00_pkg_src/signFlip/src-x64/signFlip.o"' had status 1
installing to C:/Users/ANGELA~1/DOCUME~1/Rpackage/signFlip/SIGNFL~1.RCH/00LOCK-signFlip/00new/signFlip/libs/x64
** R
** byte-compile and prepare package for lazy loading
** help
Warning: C:/Users/Angela Andreella/AppData/Local/Temp/RtmpIRsxvT/Rbuilde4c2dd331a8/signFlip/man/signFlip-package.Rd:26: All text must be in a section
*** installing help indices
** building package indices
** testing if installed package can be loaded from temporary location
*** arch - i386
*** arch - x64
** testing if installed package can be loaded from final location
*** arch - i386
*** arch - x64
** testing if installed package keeps a record of temporary installation path
* DONE (signFlip)
