* installing *source* package 'pecora' ...
** using staged installation
** libs

*** arch - i386
make: Nothing to be done for `all'.
C:\Rtools\mingw_32\bin\nm.exe: C:/Users/Angela Andreella/Documents/Rpackage/pecora/src-i386/RcppExports.o: File format not recognized
C:\Rtools\mingw_32\bin\nm.exe: C:/Users/Angela Andreella/Documents/Rpackage/pecora/src-i386/permGroup.o: File format not recognized
C:\Rtools\mingw_32\bin\nm.exe: C:/Users/Angela Andreella/Documents/Rpackage/pecora/src-i386/signFlip.o: File format not recognized
Warning messages:
1: In system(sprintf("%s -Pg %s", nm, shQuote(f)), intern = TRUE) :
  running command 'C:\Rtools\mingw_32\bin\nm.exe -Pg "C:/Users/Angela Andreella/Documents/Rpackage/pecora/src-i386/RcppExports.o"' had status 1
2: In system(sprintf("%s -Pg %s", nm, shQuote(f)), intern = TRUE) :
  running command 'C:\Rtools\mingw_32\bin\nm.exe -Pg "C:/Users/Angela Andreella/Documents/Rpackage/pecora/src-i386/permGroup.o"' had status 1
3: In system(sprintf("%s -Pg %s", nm, shQuote(f)), intern = TRUE) :
  running command 'C:\Rtools\mingw_32\bin\nm.exe -Pg "C:/Users/Angela Andreella/Documents/Rpackage/pecora/src-i386/signFlip.o"' had status 1
installing to C:/Users/ANGELA~1/DOCUME~1/Rpackage/pecora/PECORA~1.RCH/00LOCK-pecora/00new/pecora/libs/i386

*** arch - x64
make: Nothing to be done for `all'.
C:\Rtools\mingw_32\bin\nm.exe: C:/Users/Angela Andreella/Documents/Rpackage/pecora/src-x64/RcppExports.o: File format not recognized
C:\Rtools\mingw_32\bin\nm.exe: C:/Users/Angela Andreella/Documents/Rpackage/pecora/src-x64/permGroup.o: File format not recognized
C:\Rtools\mingw_32\bin\nm.exe: C:/Users/Angela Andreella/Documents/Rpackage/pecora/src-x64/signFlip.o: File format not recognized
Warning messages:
1: In system(sprintf("%s -Pg %s", nm, shQuote(f)), intern = TRUE) :
  running command 'C:\Rtools\mingw_32\bin\nm.exe -Pg "C:/Users/Angela Andreella/Documents/Rpackage/pecora/src-x64/RcppExports.o"' had status 1
2: In system(sprintf("%s -Pg %s", nm, shQuote(f)), intern = TRUE) :
  running command 'C:\Rtools\mingw_32\bin\nm.exe -Pg "C:/Users/Angela Andreella/Documents/Rpackage/pecora/src-x64/permGroup.o"' had status 1
3: In system(sprintf("%s -Pg %s", nm, shQuote(f)), intern = TRUE) :
  running command 'C:\Rtools\mingw_32\bin\nm.exe -Pg "C:/Users/Angela Andreella/Documents/Rpackage/pecora/src-x64/signFlip.o"' had status 1
installing to C:/Users/ANGELA~1/DOCUME~1/Rpackage/pecora/PECORA~1.RCH/00LOCK-pecora/00new/pecora/libs/x64
** R
** byte-compile and prepare package for lazy loading
** help
*** installing help indices
** building package indices
** testing if installed package can be loaded from temporary location
*** arch - i386
Error: package or namespace load failed for 'pecora' in inDL(x, as.logical(local), as.logical(now), ...):
 unable to load shared object 'C:/Users/Angela Andreella/Documents/Rpackage/pecora/pecora.Rcheck/00LOCK-pecora/00new/pecora/libs/i386/pecora.dll':
  LoadLibrary failure:  %1 is not a valid Win32 application.

Error: loading failed
Execution halted
*** arch - x64
ERROR: loading failed for 'i386'
* removing 'C:/Users/ANGELA~1/DOCUME~1/Rpackage/pecora/PECORA~1.RCH/pecora'
